"D:\Program_files\CLion 2017.3.4\bin\cmake\bin\cmake.exe" -DCMAKE_BUILD_TYPE=Debug -G "CodeBlocks - MinGW Makefiles" "D:\university\II курс\IV семестр\ОС\labs\lab6\prog"
-- The C compiler identification is GNU 6.3.0
-- The CXX compiler identification is GNU 6.3.0
-- Check for working C compiler: C:/MinGW/bin/gcc.exe
-- Check for working C compiler: C:/MinGW/bin/gcc.exe -- broken
CMake Error at D:/Program_files/CLion 2017.3.4/bin/cmake/share/cmake-3.9/Modules/CMakeTestCCompiler.cmake:51 (message):
  The C compiler "C:/MinGW/bin/gcc.exe" is not able to compile a simple test
  program.

  It fails with the following output:

   Change Dir: D:/university/II РєСѓСЂСЃ/IV СЃРµРјРµСЃС‚СЂ/РћРЎ/labs/lab6/prog/cmake-build-debug/CMakeFiles/CMakeTmp

  

  Run Build Command:"C:/MinGW/bin/mingw32-make.exe" "cmTC_86fa2/fast"

  C:/MinGW/bin/mingw32-make.exe -f CMakeFiles\cmTC_86fa2.dir\build.make
  CMakeFiles/cmTC_86fa2.dir/build

  mingw32-make.exe[1]: Entering directory 'D:/university/II СЉС”РЃС‘/IV
  С‘С…СЊС…С‘Р„РЃ/в•¬в•¤/labs/lab6/prog/cmake-build-debug/CMakeFiles/CMakeTmp'


  Building C object CMakeFiles/cmTC_86fa2.dir/testCCompiler.c.obj

  C:\MinGW\bin\gcc.exe -o CMakeFiles\cmTC_86fa2.dir\testCCompiler.c.obj -c
  "D:\university\II в•Ёв•‘в•¤Р“в•¤Рђв•¤Р‘\IV
  в•¤Р‘в•Ёв•Ўв•Ёв•ќв•Ёв•Ўв•¤Р‘в•¤Р’в•¤Рђ\в•ЁР®в•ЁР±\labs\lab6\prog\cmake-build-debug\CMakeFiles\CMakeTmp\testCCompiler.c"


  gcc.exe: error: D:\university\II Р¶Р¶Tв”њTв””Tв”ґ\IV
  Tв”ґР¶Р¶Р¶-Р¶Р¶Tв”ґTв”¬Tв””\Р¶в–ђР¶СЃ\labs\lab6\prog\cmake-build-debug\CMakeFiles\CMakeTmp\testCCompiler.c:
  No such file or directory

  gcc.exe: fatal error: no input files

  compilation terminated.

  CMakeFiles\cmTC_86fa2.dir\build.make:64: recipe for target
  'CMakeFiles/cmTC_86fa2.dir/testCCompiler.c.obj' failed

  mingw32-make.exe[1]: *** [CMakeFiles/cmTC_86fa2.dir/testCCompiler.c.obj]
  Error 1

  mingw32-make.exe[1]: Leaving directory 'D:/university/II СЉС”РЃС‘/IV
  С‘С…СЊС…С‘Р„РЃ/в•¬в•¤/labs/lab6/prog/cmake-build-debug/CMakeFiles/CMakeTmp'


  Makefile:125: recipe for target 'cmTC_86fa2/fast' failed

  mingw32-make.exe: *** [cmTC_86fa2/fast] Error 2

  

  

  CMake will not be able to correctly generate this project.
Call Stack (most recent call first):
  CMakeLists.txt:2 (project)


-- Configuring incomplete, errors occurred!
See also "D:/university/II РєСѓСЂСЃ/IV СЃРµРјРµСЃС‚СЂ/РћРЎ/labs/lab6/prog/cmake-build-debug/CMakeFiles/CMakeOutput.log".
See also "D:/university/II РєСѓСЂСЃ/IV СЃРµРјРµСЃС‚СЂ/РћРЎ/labs/lab6/prog/cmake-build-debug/CMakeFiles/CMakeError.log".
